0 info it worked if it ends with ok
1 verbose cli [ '/usr/local/bin/node', '/usr/local/bin/npm', 'run', 'watch' ]
2 info using npm@3.3.12
3 info using node@v5.4.0
4 verbose run-script [ 'prewatch', 'watch', 'postwatch' ]
5 info lifecycle fundacion-n@0.1.0~prewatch: fundacion-n@0.1.0
6 silly lifecycle fundacion-n@0.1.0~prewatch: no script for prewatch, continuing
7 info lifecycle fundacion-n@0.1.0~watch: fundacion-n@0.1.0
8 verbose lifecycle fundacion-n@0.1.0~watch: unsafe-perm in lifecycle true
9 verbose lifecycle fundacion-n@0.1.0~watch: PATH: /usr/local/lib/node_modules/npm/bin/node-gyp-bin:/Users/checha/Desktop/FundacionN/node_modules/.bin:/usr/local/bin:/usr/bin:/bin:/usr/sbin:/sbin
10 verbose lifecycle fundacion-n@0.1.0~watch: CWD: /Users/checha/Desktop/FundacionN
11 silly lifecycle fundacion-n@0.1.0~watch: Args: [ '-c', 'gulp watch --debug' ]
12 silly lifecycle fundacion-n@0.1.0~watch: Returned: code: 1  signal: null
13 info lifecycle fundacion-n@0.1.0~watch: Failed to exec watch script
14 verbose stack Error: fundacion-n@0.1.0 watch: `gulp watch --debug`
14 verbose stack Exit status 1
14 verbose stack     at EventEmitter.<anonymous> (/usr/local/lib/node_modules/npm/lib/utils/lifecycle.js:232:16)
14 verbose stack     at emitTwo (events.js:87:13)
14 verbose stack     at EventEmitter.emit (events.js:172:7)
14 verbose stack     at ChildProcess.<anonymous> (/usr/local/lib/node_modules/npm/lib/utils/spawn.js:24:14)
14 verbose stack     at emitTwo (events.js:87:13)
14 verbose stack     at ChildProcess.emit (events.js:172:7)
14 verbose stack     at maybeClose (internal/child_process.js:821:16)
14 verbose stack     at Process.ChildProcess._handle.onexit (internal/child_process.js:211:5)
15 verbose pkgid fundacion-n@0.1.0
16 verbose cwd /Users/checha/Desktop/FundacionN
17 error Darwin 14.5.0
18 error argv "/usr/local/bin/node" "/usr/local/bin/npm" "run" "watch"
19 error node v5.4.0
20 error npm  v3.3.12
21 error code ELIFECYCLE
22 error fundacion-n@0.1.0 watch: `gulp watch --debug`
22 error Exit status 1
23 error Failed at the fundacion-n@0.1.0 watch script 'gulp watch --debug'.
23 error Make sure you have the latest version of node.js and npm installed.
23 error If you do, this is most likely a problem with the fundacion-n package,
23 error not with npm itself.
23 error Tell the author that this fails on your system:
23 error     gulp watch --debug
23 error You can get their info via:
23 error     npm owner ls fundacion-n
23 error There is likely additional logging output above.
24 verbose exit [ 1, true ]
